{
  "stats": {
    "suites": 1,
    "tests": 1,
    "passes": 1,
    "pending": 0,
    "failures": 0,
    "start": "2021-04-26T11:45:36.483Z",
    "end": "2021-04-26T11:45:46.398Z",
    "duration": 9915,
    "testsRegistered": 1,
    "passPercent": 100,
    "pendingPercent": 0,
    "other": 0,
    "hasOther": false,
    "skipped": 0,
    "hasSkipped": false
  },
  "results": [
    {
      "uuid": "a99df073-7593-458b-a0bd-e84794081f6d",
      "title": "",
      "fullFile": "cypress/integration/edit-Room-with-po.spec.js",
      "file": "cypress/integration/edit-Room-with-po.spec.js",
      "beforeHooks": [],
      "afterHooks": [],
      "tests": [],
      "suites": [
        {
          "uuid": "5143c322-6eac-4939-9b55-75a1999bf466",
          "title": "Testsuite",
          "fullFile": "",
          "file": "",
          "beforeHooks": [],
          "afterHooks": [],
          "tests": [
            {
              "title": "Perform last room edition",
              "fullTitle": "Testsuite Perform last room edition",
              "timedOut": null,
              "duration": 9765,
              "state": "passed",
              "speed": "slow",
              "pass": true,
              "fail": false,
              "pending": false,
              "context": null,
              "code": "dashboardFuncs.viewRoom('Rooms');\nroomsFuncs.editRoomAction('Room');\nlet randomPriceN = _faker.default.commerce.price();\neditRoomsFuncs.editRoomsPrice(randomPriceN, 'Rooms');\ncy.log('Last room prices edited');\ndashboardFuncs.performLogout('Login');",
              "err": {},
              "uuid": "45b9289f-cafb-49ca-a7af-ef9665f52372",
              "parentUUID": "5143c322-6eac-4939-9b55-75a1999bf466",
              "isHook": false,
              "skipped": false
            }
          ],
          "suites": [],
          "passes": [
            "45b9289f-cafb-49ca-a7af-ef9665f52372"
          ],
          "failures": [],
          "pending": [],
          "skipped": [],
          "duration": 9765,
          "root": false,
          "rootEmpty": false,
          "_timeout": 2000
        }
      ],
      "passes": [],
      "failures": [],
      "pending": [],
      "skipped": [],
      "duration": 0,
      "root": true,
      "rootEmpty": true,
      "_timeout": 2000
    }
  ],
  "meta": {
    "mocha": {
      "version": "7.0.1"
    },
    "mochawesome": {
      "options": {
        "quiet": false,
        "reportFilename": "mochawesome",
        "saveHtml": true,
        "saveJson": true,
        "consoleReporter": "spec",
        "useInlineDiffs": false,
        "code": true
      },
      "version": "6.2.2"
    },
    "marge": {
      "options": {
        "reportDir": "cypress/report/mochawesome-report",
        "overwrite": false,
        "html": true,
        "json": true,
        "timestamp": "mmddyyyy_HHMMss"
      },
      "version": "5.2.0"
    }
  }
}