{
  "stats": {
    "suites": 1,
    "tests": 1,
    "passes": 1,
    "pending": 0,
    "failures": 0,
    "start": "2021-04-26T11:44:16.043Z",
    "end": "2021-04-26T11:44:23.748Z",
    "duration": 7705,
    "testsRegistered": 1,
    "passPercent": 100,
    "pendingPercent": 0,
    "other": 0,
    "hasOther": false,
    "skipped": 0,
    "hasSkipped": false
  },
  "results": [
    {
      "uuid": "de69c446-5a8e-4dd2-a6c7-80ee5f3069d3",
      "title": "",
      "fullFile": "cypress/integration/edit-Bill-with-po.spec.js",
      "file": "cypress/integration/edit-Bill-with-po.spec.js",
      "beforeHooks": [],
      "afterHooks": [],
      "tests": [],
      "suites": [
        {
          "uuid": "3094e786-7809-4582-ba1c-52753913303a",
          "title": "Testsuite",
          "fullFile": "",
          "file": "",
          "beforeHooks": [],
          "afterHooks": [],
          "tests": [
            {
              "title": "Perform bill edition",
              "fullTitle": "Testsuite Perform bill edition",
              "timedOut": null,
              "duration": 7410,
              "state": "passed",
              "speed": "slow",
              "pass": true,
              "fail": false,
              "pending": false,
              "context": null,
              "code": "dashboardFuncs.viewBill('Bills');\nbillsFuncs.editBillAction('Bill');\nlet randomBillValue = _faker.default.commerce.price();\neditBillFuncs.editLastBill(randomBillValue, 'Bills');\ncy.log('Last bill edited');\ndashboardFuncs.performLogout('Login');",
              "err": {},
              "uuid": "65630607-3dd0-4b21-8a8e-2642086f968c",
              "parentUUID": "3094e786-7809-4582-ba1c-52753913303a",
              "isHook": false,
              "skipped": false
            }
          ],
          "suites": [],
          "passes": [
            "65630607-3dd0-4b21-8a8e-2642086f968c"
          ],
          "failures": [],
          "pending": [],
          "skipped": [],
          "duration": 7410,
          "root": false,
          "rootEmpty": false,
          "_timeout": 2000
        }
      ],
      "passes": [],
      "failures": [],
      "pending": [],
      "skipped": [],
      "duration": 0,
      "root": true,
      "rootEmpty": true,
      "_timeout": 2000
    }
  ],
  "meta": {
    "mocha": {
      "version": "7.0.1"
    },
    "mochawesome": {
      "options": {
        "quiet": false,
        "reportFilename": "mochawesome",
        "saveHtml": true,
        "saveJson": true,
        "consoleReporter": "spec",
        "useInlineDiffs": false,
        "code": true
      },
      "version": "6.2.2"
    },
    "marge": {
      "options": {
        "reportDir": "cypress/report/mochawesome-report",
        "overwrite": false,
        "html": true,
        "json": true,
        "timestamp": "mmddyyyy_HHMMss"
      },
      "version": "5.2.0"
    }
  }
}